2026-02-04T02:53:09.536107Z  INFO telemetry: job_telemetry_init artifact_type=installed branch=2385e2bab64 ci_number=20260123.1 ci_name=CommonRuntime-RuntimeTeam-Linux-Prod-Build build_time=2026-01-23 10:34:45.198956
2026-02-04T02:53:09.543128Z  INFO run_execution_wrapper: execution_wrapper: Successfully dumped bootstrapping environment to file
2026-02-04T02:53:09.546918Z  INFO run_execution_wrapper: execution_wrapper: Enable std log streaming is not specified in executor configuration, default to not stream logs to stdout and stderr
2026-02-04T02:53:09.546983Z  INFO run_execution_wrapper: execution_wrapper: Enable termination signal handling is not specified in executor configuration, default to ignore termination signals
2026-02-04T02:53:09.547349Z  INFO run_execution_wrapper: execution_wrapper: Executor config not provided, certificates will not be updated.
2026-02-04T02:53:09.549887Z  INFO run_execution_wrapper:execution-wrapper::run_service{path_mapping_kind=None error_pattern_json_files_post_execution=None error_pattern_json_file_mid_execution=None enable_std_log_streaming=false skip_user_log_file_generation=false enable_termination_signal_handling=false}: execution_wrapper::service: serving execution service at executor_address=/mnt/azureml/cr/j/668dc36ab7b4433da866f7070b4a9612/.grpc/executor:0
2026-02-04T02:53:09.551516Z  INFO run_execution_wrapper:execution-wrapper::run_service{path_mapping_kind=None error_pattern_json_files_post_execution=None error_pattern_json_file_mid_execution=None enable_std_log_streaming=false skip_user_log_file_generation=false enable_termination_signal_handling=false}: cr_core: Successfully configured current process to ignore termination signals
2026-02-04T02:53:09.551593Z  INFO run_execution_wrapper:execution-wrapper::run_service{path_mapping_kind=None error_pattern_json_files_post_execution=None error_pattern_json_file_mid_execution=None enable_std_log_streaming=false skip_user_log_file_generation=false enable_termination_signal_handling=false}:serve: grpc_utils::endpoint::serve: serving gRPC service endpoint=Uds("/mnt/azureml/cr/j/668dc36ab7b4433da866f7070b4a9612/.grpc/executor:0") retry=ExponentialBackoffRetry { retry_delay_secs: 2, delay_factor: 1000, num_retries: 3 }
2026-02-04T02:53:10.709536Z  INFO ExecutionServicer::run: grpc_utils::server: Got grpc request request_name="run" remote_addr=None
2026-02-04T02:53:10.709743Z  INFO ExecutionServicer::run: execution_wrapper::service: file /opt/microsoft/singularity/unasignal/StopUserNode exists: false path=/opt/microsoft/singularity/unasignal/StopUserNode
2026-02-04T02:53:10.709844Z  INFO ExecutionServicer::run:ExecutionServicer::spawn_execution{wait_execution_completion=false}: execution_wrapper::service: spawn_execution request id="96365a5f-6e79-4f22-a473-1f4a4b1adb99" client_address=Some("/mnt/azureml/cr/j/668dc36ab7b4433da866f7070b4a9612/.grpc/lifecycler:0")
2026-02-04T02:53:10.709922Z  WARN ExecutionServicer::run:ExecutionServicer::spawn_execution{wait_execution_completion=false}:inject_legacy_env_vars: execution_wrapper::legacy_env_vars: Skip injecting legacy env vars, distributed config is None, setting only the defaults
2026-02-04T02:53:10.710013Z  INFO ExecutionServicer::run:ExecutionServicer::spawn_execution{wait_execution_completion=false}:inject_legacy_env_vars: execution_wrapper::legacy_env_vars: Injecting AZ_BATCHAI_JOB_WORK_DIR=/mnt/azureml/cr/j/668dc36ab7b4433da866f7070b4a9612/exe/wd working_dir="/mnt/azureml/cr/j/668dc36ab7b4433da866f7070b4a9612/exe/wd"
2026-02-04T02:53:10.710158Z  INFO ExecutionServicer::run:ExecutionServicer::spawn_execution{wait_execution_completion=false}:inject_legacy_env_vars: execution_wrapper::legacy_env_vars: Injecting AZUREML_PROCESS_NAME=main as default
2026-02-04T02:53:10.710324Z  INFO ExecutionServicer::run:ExecutionServicer::spawn_execution{wait_execution_completion=false}:inject_legacy_env_vars:get_gpu_count: execution_wrapper::common: Get ComputeContext from env success compute_context=ComputeContext { cluster_name: "990b4522-de30-451c-8db0-8671300409ca", node_id: Literal("tvmps_a1311380332c59dab869916485860205d55f442988cd5fa9d0fc507f958a2a40_d"), vm_id: Some("e2072481-2a18-4575-808f-7b0a5df232ac"), run_attempt_count: 1, gpu_count: Some(0), vm_size: Some("STANDARD_D4_V3"), readable_cluster_name: Some("Serverless"), vm_priority: Some(Dedicated), use_vnet_or_private_link: false }
2026-02-04T02:53:10.710479Z  INFO ExecutionServicer::run:ExecutionServicer::spawn_execution{wait_execution_completion=false}:inject_legacy_env_vars:get_gpu_count: execution_wrapper::common: close time.busy=269µs time.idle=20.6µs
2026-02-04T02:53:10.710519Z  INFO ExecutionServicer::run:ExecutionServicer::spawn_execution{wait_execution_completion=false}:inject_legacy_env_vars:override_dc_env_vars: execution_wrapper::dc_env_vars: Updated env AZUREML_CR_EXECUTOR_CONFIG for spawned process
2026-02-04T02:53:10.710577Z  INFO ExecutionServicer::run:ExecutionServicer::spawn_execution{wait_execution_completion=false}:inject_legacy_env_vars:override_dc_env_vars: execution_wrapper::dc_env_vars: Env var AZUREML_CR_DISTRIBUTED_CONFIG is empty for current process
2026-02-04T02:53:10.710600Z  INFO ExecutionServicer::run:ExecutionServicer::spawn_execution{wait_execution_completion=false}:inject_legacy_env_vars:override_dc_env_vars: execution_wrapper::dc_env_vars: Updated env AZUREML_SERVICE_ENDPOINT for spawned process
2026-02-04T02:53:10.710636Z  INFO ExecutionServicer::run:ExecutionServicer::spawn_execution{wait_execution_completion=false}:inject_legacy_env_vars:override_dc_env_vars: execution_wrapper::dc_env_vars: Updated env AZUREML_SERVICE_CERT_ENDPOINT for spawned process
2026-02-04T02:53:10.710669Z  INFO ExecutionServicer::run:ExecutionServicer::spawn_execution{wait_execution_completion=false}:inject_legacy_env_vars:override_dc_env_vars: execution_wrapper::dc_env_vars: Updated env AZUREML_DISCOVERY_SERVICE_ENDPOINT for spawned process
2026-02-04T02:53:10.710699Z  INFO ExecutionServicer::run:ExecutionServicer::spawn_execution{wait_execution_completion=false}:inject_legacy_env_vars:override_dc_env_vars: execution_wrapper::dc_env_vars: Env var AZUREML_DEV_URL_MLFLOW is empty for current process
2026-02-04T02:53:10.710734Z  INFO ExecutionServicer::run:ExecutionServicer::spawn_execution{wait_execution_completion=false}:inject_legacy_env_vars:override_dc_env_vars: execution_wrapper::dc_env_vars: Updated env AZUREML_RUN_HISTORY_SERVICE_ENDPOINT for spawned process
2026-02-04T02:53:10.710775Z  INFO ExecutionServicer::run:ExecutionServicer::spawn_execution{wait_execution_completion=false}:inject_legacy_env_vars:override_dc_env_vars: execution_wrapper::dc_env_vars: close time.busy=258µs time.idle=4.10µs
2026-02-04T02:53:10.710790Z  INFO ExecutionServicer::run:ExecutionServicer::spawn_execution{wait_execution_completion=false}:inject_legacy_env_vars: execution_wrapper::legacy_env_vars: close time.busy=870µs time.idle=5.20µs
2026-02-04T02:53:10.711059Z  INFO ExecutionServicer::run:ExecutionServicer::spawn_execution{wait_execution_completion=false}: execution_wrapper::infiniband_utils: Is InfiniBand device present: false infiniband_device_path="/dev/infiniband/uverbs0"
2026-02-04T02:53:10.711200Z  INFO ExecutionServicer::run:ExecutionServicer::spawn_execution{wait_execution_completion=false}: execution_wrapper::service: Spawning execution
2026-02-04T02:53:10.711879Z  INFO ExecutionServicer::run:ExecutionServicer::spawn_execution{wait_execution_completion=false}:Execution::parse_commands: execution_wrapper::execution: close time.busy=162µs time.idle=5.10µs
2026-02-04T02:53:10.712419Z  INFO ExecutionServicer::run:ExecutionServicer::spawn_execution{wait_execution_completion=false}:Execution::spawn{wait_execution_completion=false}: execution_wrapper::execution: Spawning target process
2026-02-04T02:53:10.713775Z  INFO ExecutionServicer::run:ExecutionServicer::spawn_execution{wait_execution_completion=false}:Execution::spawn{wait_execution_completion=false}: execution_wrapper::execution: execution process spawned pid=13
2026-02-04T02:53:10.714112Z  INFO execution_wrapper::execution: start waiting for processes execution to complete num_processes=1
2026-02-04T02:53:10.714288Z  INFO Execution::wait_for_completion: execution_wrapper::execution::process_manager: ProcessManagerExecution state changing from PendingExecution to PendingExecution
2026-02-04T02:53:16.676930Z ERROR Execution::wait_for_completion: execution_wrapper::execution::process_manager: Failed blocking user process detected, process name: python, process pid: 13, code: Some(1) success_return_code=Zero { additional_codes: [] } code=Some(1)
2026-02-04T02:53:16.677041Z  INFO Execution::wait_for_completion: execution_wrapper::execution::process_manager: ProcessManagerExecution state changing from PendingExecution to FailureDetected
2026-02-04T02:53:16.677121Z  INFO Execution::wait_for_completion: execution_wrapper::execution::process_manager: [FailureDetected] Successfully started sleeping task
2026-02-04T02:53:16.677244Z  INFO Execution::wait_for_completion: execution_wrapper::execution::process_manager: ProcessManagerExecution state changing from FailureDetected to ExecutionCompleted
2026-02-04T02:53:17.678389Z  INFO Execution::wait_for_completion: execution_wrapper::execution::process_manager: Start collecting process exit statuses
2026-02-04T02:53:17.678493Z  INFO Execution::wait_for_completion: execution_wrapper::execution::process_manager: Successfully collected the exit status of user process pid=13 process_name=python killed_by_process_manager=false
2026-02-04T02:53:17.678540Z  INFO Execution::wait_for_completion: execution_wrapper::execution::process_manager: Process manager successfully collected the exit statuses of all user processes on current node
2026-02-04T02:53:17.678579Z  INFO Execution::wait_for_completion: execution_wrapper::execution::process_manager: ProcessManagerExecution state changing from ExecutionCompleted to CleanupStreamingTasks
2026-02-04T02:53:17.678622Z  INFO Execution::wait_for_completion: execution_wrapper::execution::process_manager: Start cleaning up execution log streaming tasks
2026-02-04T02:53:17.678656Z  INFO Execution::wait_for_completion: execution_wrapper::execution::process_manager: Process manager successfully aborted all streaming tasks for current execution
2026-02-04T02:53:17.678715Z  INFO Execution::wait_for_completion: execution_wrapper::execution: The stderr path is set, starting reading stderr from file. file_path="user_logs/std_log.txt"
2026-02-04T02:53:17.679051Z  INFO Execution::wait_for_completion: execution_wrapper::execution: Gathered execution result for rank 0 process_rank=0 exit_code=1 stderr_path=Some("user_logs/std_log.txt")
2026-02-04T02:53:17.679123Z  INFO Execution::wait_for_completion: execution_wrapper::execution: [wait_for_completion] execution process completed.
2026-02-04T02:53:17.686703Z  WARN Execution::wait_for_completion: execution_wrapper::detect_error: [Execution-wrapper::ErrorDetector] Failed to search OOM error from dmesg logs exception=General("non-zero exit code Some(1) from sh: ")
2026-02-04T02:53:17.687208Z  WARN Execution::wait_for_completion:ExecutionFinalizer::on_exit:ExecutionFinalizer::complete_execution: grpc_utils::span: failed to inject span context to grpc request
2026-02-04T02:53:17.687272Z  INFO Execution::wait_for_completion:ExecutionFinalizer::on_exit:ExecutionFinalizer::complete_execution:execution-wrapper::connect_to_callback_service: execution_wrapper::service: connecting to callback endpoint: /mnt/azureml/cr/j/668dc36ab7b4433da866f7070b4a9612/.grpc/lifecycler:0 client_address=/mnt/azureml/cr/j/668dc36ab7b4433da866f7070b4a9612/.grpc/lifecycler:0
2026-02-04T02:53:17.687488Z  INFO Execution::wait_for_completion:ExecutionFinalizer::on_exit:ExecutionFinalizer::complete_execution:execution-wrapper::connect_to_callback_service:connect: grpc_utils::endpoint::connect: Connecting to gRPC service endpoint=Uds("/mnt/azureml/cr/j/668dc36ab7b4433da866f7070b4a9612/.grpc/lifecycler:0") retry=FixedIntervalRetry { attempt_timeout_millis: 50, retry_delay_millis: 10, max_duration: 600s }
2026-02-04T02:53:17.687948Z  INFO Execution::wait_for_completion:ExecutionFinalizer::on_exit:ExecutionFinalizer::complete_execution:execution-wrapper::connect_to_callback_service:connect: grpc_utils::endpoint::connect: Successfully connected to gRPC service endpoint=Uds("/mnt/azureml/cr/j/668dc36ab7b4433da866f7070b4a9612/.grpc/lifecycler:0")
2026-02-04T02:53:17.688005Z  INFO Execution::wait_for_completion:ExecutionFinalizer::on_exit:ExecutionFinalizer::complete_execution:execution-wrapper::connect_to_callback_service:connect: grpc_utils::endpoint::connect: close time.busy=484µs time.idle=44.7µs
2026-02-04T02:53:17.688036Z  INFO Execution::wait_for_completion:ExecutionFinalizer::on_exit:ExecutionFinalizer::complete_execution:execution-wrapper::connect_to_callback_service: execution_wrapper::service: close time.busy=736µs time.idle=35.4µs
2026-02-04T02:53:17.689237Z  INFO Execution::wait_for_completion:ExecutionFinalizer::on_exit:ExecutionFinalizer::complete_execution: execution_wrapper::service: Completed execution id=96365a5f-6e79-4f22-a473-1f4a4b1adb99
2026-02-04T02:53:17.689592Z  INFO Execution::wait_for_completion:ExecutionFinalizer::on_exit:ExecutionFinalizer::complete_execution: execution_wrapper::service: close time.busy=1.25ms time.idle=1.15ms
2026-02-04T02:53:17.689622Z  INFO Execution::wait_for_completion:ExecutionFinalizer::on_exit: execution_wrapper::service: close time.busy=1.28ms time.idle=1.16ms
2026-02-04T02:53:17.689637Z  INFO ExecutionServicer::run:ExecutionServicer::spawn_execution{wait_execution_completion=false}:Execution::spawn{wait_execution_completion=false}: execution_wrapper::execution: close time.busy=1.76ms time.idle=6.98s
2026-02-04T02:53:17.689647Z  INFO ExecutionServicer::run:ExecutionServicer::spawn_execution{wait_execution_completion=false}: execution_wrapper::service: close time.busy=3.98ms time.idle=6.98s
2026-02-04T02:53:17.689658Z  INFO ExecutionServicer::run: execution_wrapper::service: close time.busy=4.28ms time.idle=6.98s
2026-02-04T02:53:17.689670Z  INFO Execution::wait_for_completion: execution_wrapper::execution: close time.busy=3.41ms time.idle=6.97s
2026-02-04T02:53:17.689682Z  INFO execution_wrapper::execution: process execution completed
