2026-02-04T06:21:58.222439Z  INFO telemetry: job_telemetry_init artifact_type=installed branch=2385e2bab64 ci_number=20260123.1 ci_name=CommonRuntime-RuntimeTeam-Linux-Prod-Build build_time=2026-01-23 10:34:45.198956
2026-02-04T06:21:58.224160Z  INFO run_execution_wrapper: execution_wrapper: Successfully dumped bootstrapping environment to file
2026-02-04T06:21:58.224327Z  INFO run_execution_wrapper: execution_wrapper: Enable std log streaming is not specified in executor configuration, default to not stream logs to stdout and stderr
2026-02-04T06:21:58.224368Z  INFO run_execution_wrapper: execution_wrapper: Enable termination signal handling is not specified in executor configuration, default to ignore termination signals
2026-02-04T06:21:58.224425Z  INFO run_execution_wrapper: execution_wrapper: Executor config not provided, certificates will not be updated.
2026-02-04T06:21:58.224456Z  INFO run_execution_wrapper:execution-wrapper::run_service{path_mapping_kind=None error_pattern_json_files_post_execution=None error_pattern_json_file_mid_execution=None enable_std_log_streaming=false skip_user_log_file_generation=false enable_termination_signal_handling=false}: execution_wrapper::service: serving execution service at executor_address=/mnt/azureml/cr/j/acd06cea15f545c985ffcdc587a9c569/.grpc/executor:0
2026-02-04T06:21:58.224709Z  INFO run_execution_wrapper:execution-wrapper::run_service{path_mapping_kind=None error_pattern_json_files_post_execution=None error_pattern_json_file_mid_execution=None enable_std_log_streaming=false skip_user_log_file_generation=false enable_termination_signal_handling=false}: cr_core: Successfully configured current process to ignore termination signals
2026-02-04T06:21:58.224846Z  INFO run_execution_wrapper:execution-wrapper::run_service{path_mapping_kind=None error_pattern_json_files_post_execution=None error_pattern_json_file_mid_execution=None enable_std_log_streaming=false skip_user_log_file_generation=false enable_termination_signal_handling=false}:serve: grpc_utils::endpoint::serve: serving gRPC service endpoint=Uds("/mnt/azureml/cr/j/acd06cea15f545c985ffcdc587a9c569/.grpc/executor:0") retry=ExponentialBackoffRetry { retry_delay_secs: 2, delay_factor: 1000, num_retries: 3 }
2026-02-04T06:22:26.832749Z  INFO ExecutionServicer::run: grpc_utils::server: Got grpc request request_name="run" remote_addr=None
2026-02-04T06:22:26.832878Z  INFO ExecutionServicer::run: execution_wrapper::service: file /opt/microsoft/singularity/unasignal/StopUserNode exists: false path=/opt/microsoft/singularity/unasignal/StopUserNode
2026-02-04T06:22:26.832911Z  INFO ExecutionServicer::run:ExecutionServicer::spawn_execution{wait_execution_completion=false}: execution_wrapper::service: spawn_execution request id="bcf4ebf4-40fc-417b-9eaa-ebf5cb186433" client_address=Some("/mnt/azureml/cr/j/acd06cea15f545c985ffcdc587a9c569/.grpc/lifecycler:0")
2026-02-04T06:22:26.832941Z  WARN ExecutionServicer::run:ExecutionServicer::spawn_execution{wait_execution_completion=false}:inject_legacy_env_vars: execution_wrapper::legacy_env_vars: Skip injecting legacy env vars, distributed config is None, setting only the defaults
2026-02-04T06:22:26.832967Z  INFO ExecutionServicer::run:ExecutionServicer::spawn_execution{wait_execution_completion=false}:inject_legacy_env_vars: execution_wrapper::legacy_env_vars: Injecting AZ_BATCHAI_JOB_WORK_DIR=/mnt/azureml/cr/j/acd06cea15f545c985ffcdc587a9c569/exe/wd working_dir="/mnt/azureml/cr/j/acd06cea15f545c985ffcdc587a9c569/exe/wd"
2026-02-04T06:22:26.832984Z  INFO ExecutionServicer::run:ExecutionServicer::spawn_execution{wait_execution_completion=false}:inject_legacy_env_vars: execution_wrapper::legacy_env_vars: Injecting AZUREML_PROCESS_NAME=main as default
2026-02-04T06:22:26.833057Z  INFO ExecutionServicer::run:ExecutionServicer::spawn_execution{wait_execution_completion=false}:inject_legacy_env_vars:get_gpu_count: execution_wrapper::common: Get ComputeContext from env success compute_context=ComputeContext { cluster_name: "gpu-t4", node_id: Literal("tvmps_a2cc744bf2adbe0b6acedb5c9e88279752f1c1aa784cedb95789a4e2bd9e0de0_d"), vm_id: Some("6af5c25b-12ed-4781-8d89-e36ea731ad27"), run_attempt_count: 1, gpu_count: Some(1), vm_size: Some("STANDARD_NC4AS_T4_V3"), readable_cluster_name: Some("gpu-t4"), vm_priority: Some(Dedicated), use_vnet_or_private_link: false }
2026-02-04T06:22:26.833087Z  INFO ExecutionServicer::run:ExecutionServicer::spawn_execution{wait_execution_completion=false}:inject_legacy_env_vars:get_gpu_count: execution_wrapper::common: close time.busy=86.2µs time.idle=1.71µs
2026-02-04T06:22:26.833104Z  INFO ExecutionServicer::run:ExecutionServicer::spawn_execution{wait_execution_completion=false}:inject_legacy_env_vars:override_dc_env_vars: execution_wrapper::dc_env_vars: Updated env AZUREML_CR_EXECUTOR_CONFIG for spawned process
2026-02-04T06:22:26.833122Z  INFO ExecutionServicer::run:ExecutionServicer::spawn_execution{wait_execution_completion=false}:inject_legacy_env_vars:override_dc_env_vars: execution_wrapper::dc_env_vars: Env var AZUREML_CR_DISTRIBUTED_CONFIG is empty for current process
2026-02-04T06:22:26.833131Z  INFO ExecutionServicer::run:ExecutionServicer::spawn_execution{wait_execution_completion=false}:inject_legacy_env_vars:override_dc_env_vars: execution_wrapper::dc_env_vars: Updated env AZUREML_SERVICE_ENDPOINT for spawned process
2026-02-04T06:22:26.833141Z  INFO ExecutionServicer::run:ExecutionServicer::spawn_execution{wait_execution_completion=false}:inject_legacy_env_vars:override_dc_env_vars: execution_wrapper::dc_env_vars: Updated env AZUREML_SERVICE_CERT_ENDPOINT for spawned process
2026-02-04T06:22:26.833159Z  INFO ExecutionServicer::run:ExecutionServicer::spawn_execution{wait_execution_completion=false}:inject_legacy_env_vars:override_dc_env_vars: execution_wrapper::dc_env_vars: Updated env AZUREML_DISCOVERY_SERVICE_ENDPOINT for spawned process
2026-02-04T06:22:26.833174Z  INFO ExecutionServicer::run:ExecutionServicer::spawn_execution{wait_execution_completion=false}:inject_legacy_env_vars:override_dc_env_vars: execution_wrapper::dc_env_vars: Env var AZUREML_DEV_URL_MLFLOW is empty for current process
2026-02-04T06:22:26.833192Z  INFO ExecutionServicer::run:ExecutionServicer::spawn_execution{wait_execution_completion=false}:inject_legacy_env_vars:override_dc_env_vars: execution_wrapper::dc_env_vars: Updated env AZUREML_RUN_HISTORY_SERVICE_ENDPOINT for spawned process
2026-02-04T06:22:26.833208Z  INFO ExecutionServicer::run:ExecutionServicer::spawn_execution{wait_execution_completion=false}:inject_legacy_env_vars:override_dc_env_vars: execution_wrapper::dc_env_vars: close time.busy=105µs time.idle=1.32µs
2026-02-04T06:22:26.833213Z  INFO ExecutionServicer::run:ExecutionServicer::spawn_execution{wait_execution_completion=false}:inject_legacy_env_vars: execution_wrapper::legacy_env_vars: close time.busy=273µs time.idle=2.12µs
2026-02-04T06:22:26.833246Z  INFO ExecutionServicer::run:ExecutionServicer::spawn_execution{wait_execution_completion=false}: execution_wrapper::infiniband_utils: Is InfiniBand device present: false infiniband_device_path="/dev/infiniband/uverbs0"
2026-02-04T06:22:26.833271Z  INFO ExecutionServicer::run:ExecutionServicer::spawn_execution{wait_execution_completion=false}: execution_wrapper::service: Spawning execution
2026-02-04T06:22:26.835165Z  INFO ExecutionServicer::run:ExecutionServicer::spawn_execution{wait_execution_completion=false}:Execution::parse_commands: execution_wrapper::command_resolvers::shell: Using detected user shell: "/bin/bash" shell="/bin/bash"
2026-02-04T06:22:26.835208Z  INFO ExecutionServicer::run:ExecutionServicer::spawn_execution{wait_execution_completion=false}:Execution::parse_commands: execution_wrapper::execution: close time.busy=1.75ms time.idle=2.18µs
2026-02-04T06:22:26.835512Z  INFO ExecutionServicer::run:ExecutionServicer::spawn_execution{wait_execution_completion=false}:Execution::spawn{wait_execution_completion=false}: execution_wrapper::execution: Spawning target process
2026-02-04T06:22:26.836620Z  INFO ExecutionServicer::run:ExecutionServicer::spawn_execution{wait_execution_completion=false}:Execution::spawn{wait_execution_completion=false}: execution_wrapper::execution: execution process spawned pid=16
2026-02-04T06:22:26.836781Z  INFO execution_wrapper::execution: start waiting for processes execution to complete num_processes=1
2026-02-04T06:22:26.836810Z  INFO Execution::wait_for_completion: execution_wrapper::execution::process_manager: ProcessManagerExecution state changing from PendingExecution to PendingExecution
2026-02-04T06:22:26.997521Z ERROR Execution::wait_for_completion: execution_wrapper::execution::process_manager: Failed blocking user process detected, process name: python, process pid: 16, code: Some(1) success_return_code=Zero { additional_codes: [] } code=Some(1)
2026-02-04T06:22:26.997591Z  INFO Execution::wait_for_completion: execution_wrapper::execution::process_manager: ProcessManagerExecution state changing from PendingExecution to FailureDetected
2026-02-04T06:22:26.997628Z  INFO Execution::wait_for_completion: execution_wrapper::execution::process_manager: [FailureDetected] Successfully started sleeping task
2026-02-04T06:22:26.997647Z  INFO Execution::wait_for_completion: execution_wrapper::execution::process_manager: ProcessManagerExecution state changing from FailureDetected to ExecutionCompleted
2026-02-04T06:22:27.998251Z  INFO Execution::wait_for_completion: execution_wrapper::execution::process_manager: Start collecting process exit statuses
2026-02-04T06:22:27.998308Z  INFO Execution::wait_for_completion: execution_wrapper::execution::process_manager: Successfully collected the exit status of user process pid=16 process_name=python killed_by_process_manager=false
2026-02-04T06:22:27.998369Z  INFO Execution::wait_for_completion: execution_wrapper::execution::process_manager: Process manager successfully collected the exit statuses of all user processes on current node
2026-02-04T06:22:27.998391Z  INFO Execution::wait_for_completion: execution_wrapper::execution::process_manager: ProcessManagerExecution state changing from ExecutionCompleted to CleanupStreamingTasks
2026-02-04T06:22:27.998417Z  INFO Execution::wait_for_completion: execution_wrapper::execution::process_manager: Start cleaning up execution log streaming tasks
2026-02-04T06:22:27.998430Z  INFO Execution::wait_for_completion: execution_wrapper::execution::process_manager: Process manager successfully aborted all streaming tasks for current execution
2026-02-04T06:22:27.998447Z  INFO Execution::wait_for_completion: execution_wrapper::execution: The stderr path is set, starting reading stderr from file. file_path="user_logs/std_log.txt"
2026-02-04T06:22:27.998598Z  INFO Execution::wait_for_completion: execution_wrapper::execution: Gathered execution result for rank 0 process_rank=0 exit_code=1 stderr_path=Some("user_logs/std_log.txt")
2026-02-04T06:22:27.998626Z  INFO Execution::wait_for_completion: execution_wrapper::execution: [wait_for_completion] execution process completed.
2026-02-04T06:22:28.004659Z  WARN Execution::wait_for_completion: execution_wrapper::detect_error: [Execution-wrapper::ErrorDetector] Failed to search OOM error from dmesg logs exception=General("non-zero exit code Some(1) from sh: ")
2026-02-04T06:22:28.004842Z  WARN Execution::wait_for_completion:ExecutionFinalizer::on_exit:ExecutionFinalizer::complete_execution: grpc_utils::span: failed to inject span context to grpc request
2026-02-04T06:22:28.004867Z  INFO Execution::wait_for_completion:ExecutionFinalizer::on_exit:ExecutionFinalizer::complete_execution:execution-wrapper::connect_to_callback_service: execution_wrapper::service: connecting to callback endpoint: /mnt/azureml/cr/j/acd06cea15f545c985ffcdc587a9c569/.grpc/lifecycler:0 client_address=/mnt/azureml/cr/j/acd06cea15f545c985ffcdc587a9c569/.grpc/lifecycler:0
2026-02-04T06:22:28.004940Z  INFO Execution::wait_for_completion:ExecutionFinalizer::on_exit:ExecutionFinalizer::complete_execution:execution-wrapper::connect_to_callback_service:connect: grpc_utils::endpoint::connect: Connecting to gRPC service endpoint=Uds("/mnt/azureml/cr/j/acd06cea15f545c985ffcdc587a9c569/.grpc/lifecycler:0") retry=FixedIntervalRetry { attempt_timeout_millis: 50, retry_delay_millis: 10, max_duration: 600s }
2026-02-04T06:22:28.005115Z  INFO Execution::wait_for_completion:ExecutionFinalizer::on_exit:ExecutionFinalizer::complete_execution:execution-wrapper::connect_to_callback_service:connect: grpc_utils::endpoint::connect: Successfully connected to gRPC service endpoint=Uds("/mnt/azureml/cr/j/acd06cea15f545c985ffcdc587a9c569/.grpc/lifecycler:0")
2026-02-04T06:22:28.005143Z  INFO Execution::wait_for_completion:ExecutionFinalizer::on_exit:ExecutionFinalizer::complete_execution:execution-wrapper::connect_to_callback_service:connect: grpc_utils::endpoint::connect: close time.busy=170µs time.idle=37.6µs
2026-02-04T06:22:28.005160Z  INFO Execution::wait_for_completion:ExecutionFinalizer::on_exit:ExecutionFinalizer::complete_execution:execution-wrapper::connect_to_callback_service: execution_wrapper::service: close time.busy=264µs time.idle=32.6µs
2026-02-04T06:22:28.005687Z  INFO Execution::wait_for_completion:ExecutionFinalizer::on_exit:ExecutionFinalizer::complete_execution: execution_wrapper::service: Completed execution id=bcf4ebf4-40fc-417b-9eaa-ebf5cb186433
2026-02-04T06:22:28.005724Z  INFO Execution::wait_for_completion:ExecutionFinalizer::on_exit:ExecutionFinalizer::complete_execution: execution_wrapper::service: close time.busy=391µs time.idle=496µs
2026-02-04T06:22:28.005733Z  INFO Execution::wait_for_completion:ExecutionFinalizer::on_exit: execution_wrapper::service: close time.busy=404µs time.idle=500µs
2026-02-04T06:22:28.005739Z  INFO ExecutionServicer::run:ExecutionServicer::spawn_execution{wait_execution_completion=false}:Execution::spawn{wait_execution_completion=false}: execution_wrapper::execution: close time.busy=1.30ms time.idle=1.17s
2026-02-04T06:22:28.005745Z  INFO ExecutionServicer::run:ExecutionServicer::spawn_execution{wait_execution_completion=false}: execution_wrapper::service: close time.busy=3.69ms time.idle=1.17s
2026-02-04T06:22:28.005751Z  INFO ExecutionServicer::run: execution_wrapper::service: close time.busy=3.86ms time.idle=1.17s
2026-02-04T06:22:28.005757Z  INFO Execution::wait_for_completion: execution_wrapper::execution: close time.busy=1.49ms time.idle=1.17s
2026-02-04T06:22:28.005761Z  INFO execution_wrapper::execution: process execution completed
