2026-02-09T06:40:39.632785Z  INFO telemetry: job_telemetry_init artifact_type=installed branch=2385e2bab64 ci_number=20260123.1 ci_name=CommonRuntime-RuntimeTeam-Linux-Prod-Build build_time=2026-01-23 10:34:45.198956
2026-02-09T06:40:39.634394Z  INFO run_execution_wrapper: execution_wrapper: Successfully dumped bootstrapping environment to file
2026-02-09T06:40:39.634419Z  INFO run_execution_wrapper: execution_wrapper: Enable std log streaming is not specified in executor configuration, default to not stream logs to stdout and stderr
2026-02-09T06:40:39.634429Z  INFO run_execution_wrapper: execution_wrapper: Enable termination signal handling is not specified in executor configuration, default to ignore termination signals
2026-02-09T06:40:39.634438Z  INFO run_execution_wrapper: execution_wrapper: Executor config not provided, certificates will not be updated.
2026-02-09T06:40:39.634465Z  INFO run_execution_wrapper:execution-wrapper::run_service{path_mapping_kind=None error_pattern_json_files_post_execution=None error_pattern_json_file_mid_execution=None enable_std_log_streaming=false skip_user_log_file_generation=false enable_termination_signal_handling=false}: execution_wrapper::service: serving execution service at executor_address=/mnt/azureml/cr/j/37c765cc08dc40f399c05c45be8cffbd/.grpc/executor:0
2026-02-09T06:40:39.634546Z  INFO run_execution_wrapper:execution-wrapper::run_service{path_mapping_kind=None error_pattern_json_files_post_execution=None error_pattern_json_file_mid_execution=None enable_std_log_streaming=false skip_user_log_file_generation=false enable_termination_signal_handling=false}: cr_core: Successfully configured current process to ignore termination signals
2026-02-09T06:40:39.634571Z  INFO run_execution_wrapper:execution-wrapper::run_service{path_mapping_kind=None error_pattern_json_files_post_execution=None error_pattern_json_file_mid_execution=None enable_std_log_streaming=false skip_user_log_file_generation=false enable_termination_signal_handling=false}:serve: grpc_utils::endpoint::serve: serving gRPC service endpoint=Uds("/mnt/azureml/cr/j/37c765cc08dc40f399c05c45be8cffbd/.grpc/executor:0") retry=ExponentialBackoffRetry { retry_delay_secs: 2, delay_factor: 1000, num_retries: 3 }
2026-02-09T06:40:51.506974Z  INFO ExecutionServicer::run: grpc_utils::server: Got grpc request request_name="run" remote_addr=None
2026-02-09T06:40:51.507102Z  INFO ExecutionServicer::run: execution_wrapper::service: file /opt/microsoft/singularity/unasignal/StopUserNode exists: false path=/opt/microsoft/singularity/unasignal/StopUserNode
2026-02-09T06:40:51.507139Z  INFO ExecutionServicer::run:ExecutionServicer::spawn_execution{wait_execution_completion=false}: execution_wrapper::service: spawn_execution request id="f029981b-3096-4457-82d2-491aa7d985fd" client_address=Some("/mnt/azureml/cr/j/37c765cc08dc40f399c05c45be8cffbd/.grpc/lifecycler:0")
2026-02-09T06:40:51.507173Z  WARN ExecutionServicer::run:ExecutionServicer::spawn_execution{wait_execution_completion=false}:inject_legacy_env_vars: execution_wrapper::legacy_env_vars: Skip injecting legacy env vars, distributed config is None, setting only the defaults
2026-02-09T06:40:51.507189Z  INFO ExecutionServicer::run:ExecutionServicer::spawn_execution{wait_execution_completion=false}:inject_legacy_env_vars: execution_wrapper::legacy_env_vars: Injecting AZ_BATCHAI_JOB_WORK_DIR=/mnt/azureml/cr/j/37c765cc08dc40f399c05c45be8cffbd/exe/wd working_dir="/mnt/azureml/cr/j/37c765cc08dc40f399c05c45be8cffbd/exe/wd"
2026-02-09T06:40:51.507204Z  INFO ExecutionServicer::run:ExecutionServicer::spawn_execution{wait_execution_completion=false}:inject_legacy_env_vars: execution_wrapper::legacy_env_vars: Injecting AZUREML_PROCESS_NAME=main as default
2026-02-09T06:40:51.507267Z  INFO ExecutionServicer::run:ExecutionServicer::spawn_execution{wait_execution_completion=false}:inject_legacy_env_vars:get_gpu_count: execution_wrapper::common: Get ComputeContext from env success compute_context=ComputeContext { cluster_name: "gpu-t4", node_id: Literal("tvmps_f32f6bab764d9c692f5b9958c57443fab473bc8d76be22df0c309f00b1d140a0_d"), vm_id: Some("cc4faa5a-e77f-4f7f-a36b-181d58ed5df6"), run_attempt_count: 1, gpu_count: Some(1), vm_size: Some("STANDARD_NC4AS_T4_V3"), readable_cluster_name: Some("gpu-t4"), vm_priority: Some(Dedicated), use_vnet_or_private_link: false }
2026-02-09T06:40:51.507301Z  INFO ExecutionServicer::run:ExecutionServicer::spawn_execution{wait_execution_completion=false}:inject_legacy_env_vars:get_gpu_count: execution_wrapper::common: close time.busy=82.2µs time.idle=3.44µs
2026-02-09T06:40:51.507316Z  INFO ExecutionServicer::run:ExecutionServicer::spawn_execution{wait_execution_completion=false}:inject_legacy_env_vars:override_dc_env_vars: execution_wrapper::dc_env_vars: Updated env AZUREML_CR_EXECUTOR_CONFIG for spawned process
2026-02-09T06:40:51.507331Z  INFO ExecutionServicer::run:ExecutionServicer::spawn_execution{wait_execution_completion=false}:inject_legacy_env_vars:override_dc_env_vars: execution_wrapper::dc_env_vars: Env var AZUREML_CR_DISTRIBUTED_CONFIG is empty for current process
2026-02-09T06:40:51.507340Z  INFO ExecutionServicer::run:ExecutionServicer::spawn_execution{wait_execution_completion=false}:inject_legacy_env_vars:override_dc_env_vars: execution_wrapper::dc_env_vars: Updated env AZUREML_SERVICE_ENDPOINT for spawned process
2026-02-09T06:40:51.507349Z  INFO ExecutionServicer::run:ExecutionServicer::spawn_execution{wait_execution_completion=false}:inject_legacy_env_vars:override_dc_env_vars: execution_wrapper::dc_env_vars: Updated env AZUREML_SERVICE_CERT_ENDPOINT for spawned process
2026-02-09T06:40:51.507363Z  INFO ExecutionServicer::run:ExecutionServicer::spawn_execution{wait_execution_completion=false}:inject_legacy_env_vars:override_dc_env_vars: execution_wrapper::dc_env_vars: Updated env AZUREML_DISCOVERY_SERVICE_ENDPOINT for spawned process
2026-02-09T06:40:51.507380Z  INFO ExecutionServicer::run:ExecutionServicer::spawn_execution{wait_execution_completion=false}:inject_legacy_env_vars:override_dc_env_vars: execution_wrapper::dc_env_vars: Env var AZUREML_DEV_URL_MLFLOW is empty for current process
2026-02-09T06:40:51.507391Z  INFO ExecutionServicer::run:ExecutionServicer::spawn_execution{wait_execution_completion=false}:inject_legacy_env_vars:override_dc_env_vars: execution_wrapper::dc_env_vars: Updated env AZUREML_RUN_HISTORY_SERVICE_ENDPOINT for spawned process
2026-02-09T06:40:51.507403Z  INFO ExecutionServicer::run:ExecutionServicer::spawn_execution{wait_execution_completion=false}:inject_legacy_env_vars:override_dc_env_vars: execution_wrapper::dc_env_vars: close time.busy=88.2µs time.idle=1.50µs
2026-02-09T06:40:51.507411Z  INFO ExecutionServicer::run:ExecutionServicer::spawn_execution{wait_execution_completion=false}:inject_legacy_env_vars: execution_wrapper::legacy_env_vars: close time.busy=239µs time.idle=1.77µs
2026-02-09T06:40:51.507427Z  INFO ExecutionServicer::run:ExecutionServicer::spawn_execution{wait_execution_completion=false}: execution_wrapper::infiniband_utils: Is InfiniBand device present: false infiniband_device_path="/dev/infiniband/uverbs0"
2026-02-09T06:40:51.507441Z  INFO ExecutionServicer::run:ExecutionServicer::spawn_execution{wait_execution_completion=false}: execution_wrapper::service: Spawning execution
2026-02-09T06:40:51.509295Z  INFO ExecutionServicer::run:ExecutionServicer::spawn_execution{wait_execution_completion=false}:Execution::parse_commands: execution_wrapper::command_resolvers::shell: Using detected user shell: "/bin/bash" shell="/bin/bash"
2026-02-09T06:40:51.509341Z  INFO ExecutionServicer::run:ExecutionServicer::spawn_execution{wait_execution_completion=false}:Execution::parse_commands: execution_wrapper::execution: close time.busy=1.69ms time.idle=2.06µs
2026-02-09T06:40:51.509599Z  INFO ExecutionServicer::run:ExecutionServicer::spawn_execution{wait_execution_completion=false}:Execution::spawn{wait_execution_completion=false}: execution_wrapper::execution: Spawning target process
2026-02-09T06:40:51.510667Z  INFO ExecutionServicer::run:ExecutionServicer::spawn_execution{wait_execution_completion=false}:Execution::spawn{wait_execution_completion=false}: execution_wrapper::execution: execution process spawned pid=15
2026-02-09T06:40:51.510831Z  INFO execution_wrapper::execution: start waiting for processes execution to complete num_processes=1
2026-02-09T06:40:51.511261Z  INFO Execution::wait_for_completion: execution_wrapper::execution::process_manager: ProcessManagerExecution state changing from PendingExecution to PendingExecution
2026-02-09T06:41:10.730649Z ERROR Execution::wait_for_completion: execution_wrapper::execution::process_manager: Failed blocking user process detected, process name: python, process pid: 15, code: Some(1) success_return_code=Zero { additional_codes: [] } code=Some(1)
2026-02-09T06:41:10.730710Z  INFO Execution::wait_for_completion: execution_wrapper::execution::process_manager: ProcessManagerExecution state changing from PendingExecution to FailureDetected
2026-02-09T06:41:10.730754Z  INFO Execution::wait_for_completion: execution_wrapper::execution::process_manager: [FailureDetected] Successfully started sleeping task
2026-02-09T06:41:10.730772Z  INFO Execution::wait_for_completion: execution_wrapper::execution::process_manager: ProcessManagerExecution state changing from FailureDetected to ExecutionCompleted
2026-02-09T06:41:11.732190Z  INFO Execution::wait_for_completion: execution_wrapper::execution::process_manager: Start collecting process exit statuses
2026-02-09T06:41:11.732244Z  INFO Execution::wait_for_completion: execution_wrapper::execution::process_manager: Successfully collected the exit status of user process pid=15 process_name=python killed_by_process_manager=false
2026-02-09T06:41:11.732263Z  INFO Execution::wait_for_completion: execution_wrapper::execution::process_manager: Process manager successfully collected the exit statuses of all user processes on current node
2026-02-09T06:41:11.732290Z  INFO Execution::wait_for_completion: execution_wrapper::execution::process_manager: ProcessManagerExecution state changing from ExecutionCompleted to CleanupStreamingTasks
2026-02-09T06:41:11.732315Z  INFO Execution::wait_for_completion: execution_wrapper::execution::process_manager: Start cleaning up execution log streaming tasks
2026-02-09T06:41:11.732335Z  INFO Execution::wait_for_completion: execution_wrapper::execution::process_manager: Process manager successfully aborted all streaming tasks for current execution
2026-02-09T06:41:11.732361Z  INFO Execution::wait_for_completion: execution_wrapper::execution: The stderr path is set, starting reading stderr from file. file_path="user_logs/std_log.txt"
2026-02-09T06:41:11.732520Z  INFO Execution::wait_for_completion: execution_wrapper::execution: Gathered execution result for rank 0 process_rank=0 exit_code=1 stderr_path=Some("user_logs/std_log.txt")
2026-02-09T06:41:11.732549Z  INFO Execution::wait_for_completion: execution_wrapper::execution: [wait_for_completion] execution process completed.
2026-02-09T06:41:11.738188Z  WARN Execution::wait_for_completion: execution_wrapper::detect_error: [Execution-wrapper::ErrorDetector] Failed to search OOM error from dmesg logs exception=General("non-zero exit code Some(1) from sh: ")
2026-02-09T06:41:11.738395Z  WARN Execution::wait_for_completion:ExecutionFinalizer::on_exit:ExecutionFinalizer::complete_execution: grpc_utils::span: failed to inject span context to grpc request
2026-02-09T06:41:11.738427Z  INFO Execution::wait_for_completion:ExecutionFinalizer::on_exit:ExecutionFinalizer::complete_execution:execution-wrapper::connect_to_callback_service: execution_wrapper::service: connecting to callback endpoint: /mnt/azureml/cr/j/37c765cc08dc40f399c05c45be8cffbd/.grpc/lifecycler:0 client_address=/mnt/azureml/cr/j/37c765cc08dc40f399c05c45be8cffbd/.grpc/lifecycler:0
2026-02-09T06:41:11.738527Z  INFO Execution::wait_for_completion:ExecutionFinalizer::on_exit:ExecutionFinalizer::complete_execution:execution-wrapper::connect_to_callback_service:connect: grpc_utils::endpoint::connect: Connecting to gRPC service endpoint=Uds("/mnt/azureml/cr/j/37c765cc08dc40f399c05c45be8cffbd/.grpc/lifecycler:0") retry=FixedIntervalRetry { attempt_timeout_millis: 50, retry_delay_millis: 10, max_duration: 600s }
2026-02-09T06:41:11.738713Z  INFO Execution::wait_for_completion:ExecutionFinalizer::on_exit:ExecutionFinalizer::complete_execution:execution-wrapper::connect_to_callback_service:connect: grpc_utils::endpoint::connect: Successfully connected to gRPC service endpoint=Uds("/mnt/azureml/cr/j/37c765cc08dc40f399c05c45be8cffbd/.grpc/lifecycler:0")
2026-02-09T06:41:11.738744Z  INFO Execution::wait_for_completion:ExecutionFinalizer::on_exit:ExecutionFinalizer::complete_execution:execution-wrapper::connect_to_callback_service:connect: grpc_utils::endpoint::connect: close time.busy=183µs time.idle=36.4µs
2026-02-09T06:41:11.738759Z  INFO Execution::wait_for_completion:ExecutionFinalizer::on_exit:ExecutionFinalizer::complete_execution:execution-wrapper::connect_to_callback_service: execution_wrapper::service: close time.busy=301µs time.idle=33.5µs
2026-02-09T06:41:11.740031Z  INFO Execution::wait_for_completion:ExecutionFinalizer::on_exit:ExecutionFinalizer::complete_execution: execution_wrapper::service: Completed execution id=f029981b-3096-4457-82d2-491aa7d985fd
2026-02-09T06:41:11.740194Z  INFO Execution::wait_for_completion:ExecutionFinalizer::on_exit:ExecutionFinalizer::complete_execution: execution_wrapper::service: close time.busy=562µs time.idle=1.24ms
2026-02-09T06:41:11.740777Z  INFO Execution::wait_for_completion:ExecutionFinalizer::on_exit: execution_wrapper::service: close time.busy=1.16ms time.idle=1.24ms
2026-02-09T06:41:11.740792Z  INFO ExecutionServicer::run:ExecutionServicer::spawn_execution{wait_execution_completion=false}:Execution::spawn{wait_execution_completion=false}: execution_wrapper::execution: close time.busy=1.25ms time.idle=20.2s
2026-02-09T06:41:11.741161Z  INFO ExecutionServicer::run:ExecutionServicer::spawn_execution{wait_execution_completion=false}: execution_wrapper::service: close time.busy=3.54ms time.idle=20.2s
2026-02-09T06:41:11.741174Z  INFO ExecutionServicer::run: execution_wrapper::service: close time.busy=3.71ms time.idle=20.2s
2026-02-09T06:41:11.741182Z  INFO Execution::wait_for_completion: execution_wrapper::execution: close time.busy=2.70ms time.idle=20.2s
2026-02-09T06:41:11.741189Z  INFO execution_wrapper::execution: process execution completed
