2026-02-04T09:07:23.629201Z  INFO telemetry: job_telemetry_init artifact_type=installed branch=2385e2bab64 ci_number=20260123.1 ci_name=CommonRuntime-RuntimeTeam-Linux-Prod-Build build_time=2026-01-23 10:34:38.445489
2026-02-04T09:07:23.629360Z  INFO load_config_from_env: lifecycler::config: Resolved grpc addresses lifecycler_address=/mnt/azureml/cr/j/fd35208323f444e8885b18beb5778dd2/.grpc/lifecycler:0 executor_address=/mnt/azureml/cr/j/fd35208323f444e8885b18beb5778dd2/.grpc/executor:0
2026-02-04T09:07:23.629546Z  INFO load_config_from_env:load_capability_addresses_from_env{capability_endpoints_from_config={"CS_CAPABILITY": CapabilityEndpoint { name: "CS_CAPABILITY", address: "/mnt/azureml/cr/j/fd35208323f444e8885b18beb5778dd2/.grpc/cs-capability:0", type: Service }, "DATA_CAPABILITY": CapabilityEndpoint { name: "DATA_CAPABILITY", address: "/mnt/azureml/cr/j/fd35208323f444e8885b18beb5778dd2/.grpc/data-capability:0", type: Service }, "HOSTTOOLS_CAPABILITY": CapabilityEndpoint { name: "HOSTTOOLS_CAPABILITY", address: "/mnt/azureml/cr/j/fd35208323f444e8885b18beb5778dd2/.grpc/hosttools-capability:0", type: Service }, "METRICS_CAPABILITY": CapabilityEndpoint { name: "METRICS_CAPABILITY", address: "/mnt/azureml/cr/j/fd35208323f444e8885b18beb5778dd2/.grpc/metrics-capability:0", type: Service }, "SNAPSHOT_CAPABILITY": CapabilityEndpoint { name: "SNAPSHOT_CAPABILITY", address: "/mnt/azureml/cr/j/fd35208323f444e8885b18beb5778dd2/.grpc/snapshot-capability:0", type: Service }}}: lifecycler::config: close time.busy=141µs time.idle=16.4µs
2026-02-04T09:07:23.629632Z  INFO load_config_from_env: lifecycler::config: close time.busy=366µs time.idle=15.7µs
2026-02-04T09:07:23.629670Z  INFO run_lifecycler:run_service_and_step_through_lifecycle: lifecycler::lifecycle: distributed config is not specified, skip setting up distributed barrier
2026-02-04T09:07:23.629701Z  INFO run_lifecycler:run_service_and_step_through_lifecycle: lifecycler::lifecycle: Trying to configure lifecycler to ignore termination signals
2026-02-04T09:07:23.629719Z  INFO run_lifecycler:run_service_and_step_through_lifecycle: cr_core: Successfully configured current process to ignore termination signals
2026-02-04T09:07:23.629785Z  INFO Lifecycler::run_service{lifecycler_abort_state_writer=Some(LifecyclerAbortStateWriter { lifecycler_wd: "/mnt/azureml/cr/j/fd35208323f444e8885b18beb5778dd2/cap/lifecycler/wd" })}: lifecycler::service: serving lifecycle service address=/mnt/azureml/cr/j/fd35208323f444e8885b18beb5778dd2/.grpc/lifecycler:0
2026-02-04T09:07:23.629835Z  INFO run_lifecycler:run_service_and_step_through_lifecycle:step_through_lifecycle:connect_capabilities:connect: grpc_utils::endpoint::connect: Connecting to gRPC service endpoint=Uds("/mnt/azureml/cr/j/fd35208323f444e8885b18beb5778dd2/.grpc/cs-capability:0") retry=FixedIntervalRetry { attempt_timeout_millis: 50, retry_delay_millis: 10, max_duration: 7200s }
2026-02-04T09:07:23.629982Z  INFO Lifecycler::run_service{lifecycler_abort_state_writer=Some(LifecyclerAbortStateWriter { lifecycler_wd: "/mnt/azureml/cr/j/fd35208323f444e8885b18beb5778dd2/cap/lifecycler/wd" })}:serve_more: grpc_utils::endpoint::serve: serving gRPC service endpoint=Uds("/mnt/azureml/cr/j/fd35208323f444e8885b18beb5778dd2/.grpc/lifecycler:0") retry=ExponentialBackoffRetry { retry_delay_secs: 2, delay_factor: 1000, num_retries: 3 }
2026-02-04T09:09:54.889734Z  INFO run_lifecycler:run_service_and_step_through_lifecycle:step_through_lifecycle:connect_capabilities:connect: grpc_utils::endpoint::connect: Successfully connected to gRPC service endpoint=Uds("/mnt/azureml/cr/j/fd35208323f444e8885b18beb5778dd2/.grpc/cs-capability:0")
2026-02-04T09:09:54.889786Z  INFO run_lifecycler:run_service_and_step_through_lifecycle:step_through_lifecycle:connect_capabilities:connect: grpc_utils::endpoint::connect: close time.busy=434ms time.idle=151s
2026-02-04T09:09:54.890051Z  INFO run_lifecycler:run_service_and_step_through_lifecycle:step_through_lifecycle:connect_capabilities:connect: grpc_utils::endpoint::connect: Connecting to gRPC service endpoint=Uds("/mnt/azureml/cr/j/fd35208323f444e8885b18beb5778dd2/.grpc/cs-capability:0") retry=FixedIntervalRetry { attempt_timeout_millis: 50, retry_delay_millis: 10, max_duration: 7200s }
2026-02-04T09:09:54.890570Z  INFO run_lifecycler:run_service_and_step_through_lifecycle:step_through_lifecycle:connect_capabilities:connect: grpc_utils::endpoint::connect: Successfully connected to gRPC service endpoint=Uds("/mnt/azureml/cr/j/fd35208323f444e8885b18beb5778dd2/.grpc/cs-capability:0")
2026-02-04T09:09:54.890596Z  INFO run_lifecycler:run_service_and_step_through_lifecycle:step_through_lifecycle:connect_capabilities:connect: grpc_utils::endpoint::connect: close time.busy=501µs time.idle=50.7µs
2026-02-04T09:09:54.890618Z  INFO run_lifecycler:run_service_and_step_through_lifecycle:step_through_lifecycle:connect_capabilities:wait_for_service_healthy: lifecycler::health_monitor: Waiting for service to become healthy: CS_CAPABILITY service_name=CS_CAPABILITY timeout=30s
2026-02-04T09:09:54.890641Z  WARN run_lifecycler:run_service_and_step_through_lifecycle:step_through_lifecycle:connect_capabilities:wait_for_service_healthy: grpc_utils::span: failed to inject span context to grpc request
2026-02-04T09:09:54.891924Z  INFO run_lifecycler:run_service_and_step_through_lifecycle:step_through_lifecycle:connect_capabilities:wait_for_service_healthy: lifecycler::health_client: Health status for service: CS_CAPABILITY service_name=CS_CAPABILITY health_status=1
2026-02-04T09:09:54.892097Z  INFO run_lifecycler:run_service_and_step_through_lifecycle:step_through_lifecycle:connect_capabilities:wait_for_service_healthy: lifecycler::health_monitor: Service has become healthy service_name=CS_CAPABILITY
2026-02-04T09:09:54.892114Z  INFO run_lifecycler:run_service_and_step_through_lifecycle:step_through_lifecycle:connect_capabilities:wait_for_service_healthy: lifecycler::health_monitor: close time.busy=271µs time.idle=1.23ms
2026-02-04T09:09:54.892188Z  INFO run_lifecycler:run_service_and_step_through_lifecycle:step_through_lifecycle:connect_capabilities:connect: grpc_utils::endpoint::connect: Connecting to gRPC service endpoint=Uds("/mnt/azureml/cr/j/fd35208323f444e8885b18beb5778dd2/.grpc/data-capability:0") retry=FixedIntervalRetry { attempt_timeout_millis: 50, retry_delay_millis: 10, max_duration: 7200s }
2026-02-04T09:10:41.754856Z  INFO run_lifecycler:run_service_and_step_through_lifecycle:step_through_lifecycle:connect_capabilities:connect: grpc_utils::endpoint::connect: Successfully connected to gRPC service endpoint=Uds("/mnt/azureml/cr/j/fd35208323f444e8885b18beb5778dd2/.grpc/data-capability:0")
2026-02-04T09:10:41.754908Z  INFO run_lifecycler:run_service_and_step_through_lifecycle:step_through_lifecycle:connect_capabilities:connect: grpc_utils::endpoint::connect: close time.busy=139ms time.idle=46.7s
2026-02-04T09:10:41.755073Z  INFO run_lifecycler:run_service_and_step_through_lifecycle:step_through_lifecycle:connect_capabilities:connect: grpc_utils::endpoint::connect: Connecting to gRPC service endpoint=Uds("/mnt/azureml/cr/j/fd35208323f444e8885b18beb5778dd2/.grpc/data-capability:0") retry=FixedIntervalRetry { attempt_timeout_millis: 50, retry_delay_millis: 10, max_duration: 7200s }
2026-02-04T09:10:41.755224Z  INFO run_lifecycler:run_service_and_step_through_lifecycle:step_through_lifecycle:connect_capabilities:connect: grpc_utils::endpoint::connect: Successfully connected to gRPC service endpoint=Uds("/mnt/azureml/cr/j/fd35208323f444e8885b18beb5778dd2/.grpc/data-capability:0")
2026-02-04T09:10:41.755250Z  INFO run_lifecycler:run_service_and_step_through_lifecycle:step_through_lifecycle:connect_capabilities:connect: grpc_utils::endpoint::connect: close time.busy=141µs time.idle=51.9µs
2026-02-04T09:10:41.755265Z  INFO run_lifecycler:run_service_and_step_through_lifecycle:step_through_lifecycle:connect_capabilities:wait_for_service_healthy: lifecycler::health_monitor: Waiting for service to become healthy: DATA_CAPABILITY service_name=DATA_CAPABILITY timeout=30s
2026-02-04T09:10:41.755284Z  WARN run_lifecycler:run_service_and_step_through_lifecycle:step_through_lifecycle:connect_capabilities:wait_for_service_healthy: grpc_utils::span: failed to inject span context to grpc request
2026-02-04T09:10:41.756235Z  INFO run_lifecycler:run_service_and_step_through_lifecycle:step_through_lifecycle:connect_capabilities:wait_for_service_healthy: lifecycler::health_client: Health status for service: DATA_CAPABILITY service_name=DATA_CAPABILITY health_status=1
2026-02-04T09:10:41.756270Z  INFO run_lifecycler:run_service_and_step_through_lifecycle:step_through_lifecycle:connect_capabilities:wait_for_service_healthy: lifecycler::health_monitor: Service has become healthy service_name=DATA_CAPABILITY
2026-02-04T09:10:41.756283Z  INFO run_lifecycler:run_service_and_step_through_lifecycle:step_through_lifecycle:connect_capabilities:wait_for_service_healthy: lifecycler::health_monitor: close time.busy=134µs time.idle=887µs
2026-02-04T09:10:41.756351Z  INFO run_lifecycler:run_service_and_step_through_lifecycle:step_through_lifecycle:connect_capabilities:connect: grpc_utils::endpoint::connect: Connecting to gRPC service endpoint=Uds("/mnt/azureml/cr/j/fd35208323f444e8885b18beb5778dd2/.grpc/hosttools-capability:0") retry=FixedIntervalRetry { attempt_timeout_millis: 50, retry_delay_millis: 10, max_duration: 7200s }
2026-02-04T09:10:41.756545Z  INFO run_lifecycler:run_service_and_step_through_lifecycle:step_through_lifecycle:connect_capabilities:connect: grpc_utils::endpoint::connect: Successfully connected to gRPC service endpoint=Uds("/mnt/azureml/cr/j/fd35208323f444e8885b18beb5778dd2/.grpc/hosttools-capability:0")
2026-02-04T09:10:41.756568Z  INFO run_lifecycler:run_service_and_step_through_lifecycle:step_through_lifecycle:connect_capabilities:connect: grpc_utils::endpoint::connect: close time.busy=136µs time.idle=82.6µs
2026-02-04T09:10:41.756632Z  INFO run_lifecycler:run_service_and_step_through_lifecycle:step_through_lifecycle:connect_capabilities:connect: grpc_utils::endpoint::connect: Connecting to gRPC service endpoint=Uds("/mnt/azureml/cr/j/fd35208323f444e8885b18beb5778dd2/.grpc/hosttools-capability:0") retry=FixedIntervalRetry { attempt_timeout_millis: 50, retry_delay_millis: 10, max_duration: 7200s }
2026-02-04T09:10:41.756828Z  INFO run_lifecycler:run_service_and_step_through_lifecycle:step_through_lifecycle:connect_capabilities:connect: grpc_utils::endpoint::connect: Successfully connected to gRPC service endpoint=Uds("/mnt/azureml/cr/j/fd35208323f444e8885b18beb5778dd2/.grpc/hosttools-capability:0")
2026-02-04T09:10:41.756856Z  INFO run_lifecycler:run_service_and_step_through_lifecycle:step_through_lifecycle:connect_capabilities:connect: grpc_utils::endpoint::connect: close time.busy=120µs time.idle=106µs
2026-02-04T09:10:41.756872Z  INFO run_lifecycler:run_service_and_step_through_lifecycle:step_through_lifecycle:connect_capabilities:wait_for_service_healthy: lifecycler::health_monitor: Waiting for service to become healthy: HOSTTOOLS_CAPABILITY service_name=HOSTTOOLS_CAPABILITY timeout=30s
2026-02-04T09:10:41.756888Z  WARN run_lifecycler:run_service_and_step_through_lifecycle:step_through_lifecycle:connect_capabilities:wait_for_service_healthy: grpc_utils::span: failed to inject span context to grpc request
2026-02-04T09:10:41.757302Z  INFO run_lifecycler:run_service_and_step_through_lifecycle:step_through_lifecycle:connect_capabilities:wait_for_service_healthy: lifecycler::health_client: Health status for service: HOSTTOOLS_CAPABILITY service_name=HOSTTOOLS_CAPABILITY health_status=1
2026-02-04T09:10:41.757329Z  INFO run_lifecycler:run_service_and_step_through_lifecycle:step_through_lifecycle:connect_capabilities:wait_for_service_healthy: lifecycler::health_monitor: Service has become healthy service_name=HOSTTOOLS_CAPABILITY
2026-02-04T09:10:41.757349Z  INFO run_lifecycler:run_service_and_step_through_lifecycle:step_through_lifecycle:connect_capabilities:wait_for_service_healthy: lifecycler::health_monitor: close time.busy=108µs time.idle=371µs
2026-02-04T09:10:41.757426Z  INFO run_lifecycler:run_service_and_step_through_lifecycle:step_through_lifecycle:connect_capabilities:connect: grpc_utils::endpoint::connect: Connecting to gRPC service endpoint=Uds("/mnt/azureml/cr/j/fd35208323f444e8885b18beb5778dd2/.grpc/metrics-capability:0") retry=FixedIntervalRetry { attempt_timeout_millis: 50, retry_delay_millis: 10, max_duration: 7200s }
2026-02-04T09:10:41.757587Z  INFO run_lifecycler:run_service_and_step_through_lifecycle:step_through_lifecycle:connect_capabilities:connect: grpc_utils::endpoint::connect: Successfully connected to gRPC service endpoint=Uds("/mnt/azureml/cr/j/fd35208323f444e8885b18beb5778dd2/.grpc/metrics-capability:0")
2026-02-04T09:10:41.757613Z  INFO run_lifecycler:run_service_and_step_through_lifecycle:step_through_lifecycle:connect_capabilities:connect: grpc_utils::endpoint::connect: close time.busy=122µs time.idle=67.3µs
2026-02-04T09:10:41.757667Z  INFO run_lifecycler:run_service_and_step_through_lifecycle:step_through_lifecycle:connect_capabilities:connect: grpc_utils::endpoint::connect: Connecting to gRPC service endpoint=Uds("/mnt/azureml/cr/j/fd35208323f444e8885b18beb5778dd2/.grpc/metrics-capability:0") retry=FixedIntervalRetry { attempt_timeout_millis: 50, retry_delay_millis: 10, max_duration: 7200s }
2026-02-04T09:10:41.757820Z  INFO run_lifecycler:run_service_and_step_through_lifecycle:step_through_lifecycle:connect_capabilities:connect: grpc_utils::endpoint::connect: Successfully connected to gRPC service endpoint=Uds("/mnt/azureml/cr/j/fd35208323f444e8885b18beb5778dd2/.grpc/metrics-capability:0")
2026-02-04T09:10:41.757904Z  INFO run_lifecycler:run_service_and_step_through_lifecycle:step_through_lifecycle:connect_capabilities:connect: grpc_utils::endpoint::connect: close time.busy=174µs time.idle=64.8µs
2026-02-04T09:10:41.757926Z  INFO run_lifecycler:run_service_and_step_through_lifecycle:step_through_lifecycle:connect_capabilities:wait_for_service_healthy: lifecycler::health_monitor: Waiting for service to become healthy: METRICS_CAPABILITY service_name=METRICS_CAPABILITY timeout=30s
2026-02-04T09:10:41.757960Z  WARN run_lifecycler:run_service_and_step_through_lifecycle:step_through_lifecycle:connect_capabilities:wait_for_service_healthy: grpc_utils::span: failed to inject span context to grpc request
2026-02-04T09:10:41.758336Z  INFO run_lifecycler:run_service_and_step_through_lifecycle:step_through_lifecycle:connect_capabilities:wait_for_service_healthy: lifecycler::health_client: Health status for service: METRICS_CAPABILITY service_name=METRICS_CAPABILITY health_status=1
2026-02-04T09:10:41.758366Z  INFO run_lifecycler:run_service_and_step_through_lifecycle:step_through_lifecycle:connect_capabilities:wait_for_service_healthy: lifecycler::health_monitor: Service has become healthy service_name=METRICS_CAPABILITY
2026-02-04T09:10:41.758381Z  INFO run_lifecycler:run_service_and_step_through_lifecycle:step_through_lifecycle:connect_capabilities:wait_for_service_healthy: lifecycler::health_monitor: close time.busy=140µs time.idle=317µs
2026-02-04T09:10:41.758458Z  INFO run_lifecycler:run_service_and_step_through_lifecycle:step_through_lifecycle:connect_capabilities:connect: grpc_utils::endpoint::connect: Connecting to gRPC service endpoint=Uds("/mnt/azureml/cr/j/fd35208323f444e8885b18beb5778dd2/.grpc/snapshot-capability:0") retry=FixedIntervalRetry { attempt_timeout_millis: 50, retry_delay_millis: 10, max_duration: 7200s }
2026-02-04T09:10:41.758639Z  INFO run_lifecycler:run_service_and_step_through_lifecycle:step_through_lifecycle:connect_capabilities:connect: grpc_utils::endpoint::connect: Successfully connected to gRPC service endpoint=Uds("/mnt/azureml/cr/j/fd35208323f444e8885b18beb5778dd2/.grpc/snapshot-capability:0")
2026-02-04T09:10:41.758669Z  INFO run_lifecycler:run_service_and_step_through_lifecycle:step_through_lifecycle:connect_capabilities:connect: grpc_utils::endpoint::connect: close time.busy=133µs time.idle=80.6µs
2026-02-04T09:10:41.758735Z  INFO run_lifecycler:run_service_and_step_through_lifecycle:step_through_lifecycle:connect_capabilities:connect: grpc_utils::endpoint::connect: Connecting to gRPC service endpoint=Uds("/mnt/azureml/cr/j/fd35208323f444e8885b18beb5778dd2/.grpc/snapshot-capability:0") retry=FixedIntervalRetry { attempt_timeout_millis: 50, retry_delay_millis: 10, max_duration: 7200s }
2026-02-04T09:10:41.758995Z  INFO run_lifecycler:run_service_and_step_through_lifecycle:step_through_lifecycle:connect_capabilities:connect: grpc_utils::endpoint::connect: Successfully connected to gRPC service endpoint=Uds("/mnt/azureml/cr/j/fd35208323f444e8885b18beb5778dd2/.grpc/snapshot-capability:0")
2026-02-04T09:10:41.759050Z  INFO run_lifecycler:run_service_and_step_through_lifecycle:step_through_lifecycle:connect_capabilities:connect: grpc_utils::endpoint::connect: close time.busy=186µs time.idle=131µs
2026-02-04T09:10:41.759069Z  INFO run_lifecycler:run_service_and_step_through_lifecycle:step_through_lifecycle:connect_capabilities:wait_for_service_healthy: lifecycler::health_monitor: Waiting for service to become healthy: SNAPSHOT_CAPABILITY service_name=SNAPSHOT_CAPABILITY timeout=30s
2026-02-04T09:10:41.759090Z  WARN run_lifecycler:run_service_and_step_through_lifecycle:step_through_lifecycle:connect_capabilities:wait_for_service_healthy: grpc_utils::span: failed to inject span context to grpc request
2026-02-04T09:10:41.759413Z  INFO run_lifecycler:run_service_and_step_through_lifecycle:step_through_lifecycle:connect_capabilities:wait_for_service_healthy: lifecycler::health_client: Health status for service: SNAPSHOT_CAPABILITY service_name=SNAPSHOT_CAPABILITY health_status=1
2026-02-04T09:10:41.759461Z  INFO run_lifecycler:run_service_and_step_through_lifecycle:step_through_lifecycle:connect_capabilities:wait_for_service_healthy: lifecycler::health_monitor: Service has become healthy service_name=SNAPSHOT_CAPABILITY
2026-02-04T09:10:41.759483Z  INFO run_lifecycler:run_service_and_step_through_lifecycle:step_through_lifecycle:connect_capabilities:wait_for_service_healthy: lifecycler::health_monitor: close time.busy=131µs time.idle=285µs
2026-02-04T09:10:41.759495Z  INFO run_lifecycler:run_service_and_step_through_lifecycle:step_through_lifecycle:connect_capabilities: lifecycler::lifecycle: close time.busy=606ms time.idle=198s
2026-02-04T09:10:41.759510Z  WARN grpc_utils::span: failed to inject span context to grpc request
2026-02-04T09:10:41.759513Z  WARN run_lifecycler:run_service_and_step_through_lifecycle:step_through_lifecycle:start_capabilities:start{name="CS_CAPABILITY"}: grpc_utils::span: failed to inject span context to grpc request
2026-02-04T09:10:41.759535Z  WARN grpc_utils::span: failed to inject span context to grpc request
2026-02-04T09:10:41.759543Z  WARN run_lifecycler:run_service_and_step_through_lifecycle:step_through_lifecycle:start_capabilities:start{name="DATA_CAPABILITY"}: grpc_utils::span: failed to inject span context to grpc request
2026-02-04T09:10:41.759545Z  WARN grpc_utils::span: failed to inject span context to grpc request
2026-02-04T09:10:41.759554Z  WARN grpc_utils::span: failed to inject span context to grpc request
2026-02-04T09:10:41.759563Z  WARN grpc_utils::span: failed to inject span context to grpc request
2026-02-04T09:10:41.759564Z  WARN run_lifecycler:run_service_and_step_through_lifecycle:step_through_lifecycle:start_capabilities:start{name="HOSTTOOLS_CAPABILITY"}: grpc_utils::span: failed to inject span context to grpc request
2026-02-04T09:10:41.759580Z  WARN run_lifecycler:run_service_and_step_through_lifecycle:step_through_lifecycle:start_capabilities:start{name="METRICS_CAPABILITY"}: grpc_utils::span: failed to inject span context to grpc request
2026-02-04T09:10:41.759596Z  WARN run_lifecycler:run_service_and_step_through_lifecycle:step_through_lifecycle:start_capabilities:start{name="SNAPSHOT_CAPABILITY"}: grpc_utils::span: failed to inject span context to grpc request
2026-02-04T09:10:41.760124Z  INFO run_lifecycler:run_service_and_step_through_lifecycle:step_through_lifecycle:start_capabilities:start{name="HOSTTOOLS_CAPABILITY"}: lifecycler::capability_client: Received success code for start cap_name=HOSTTOOLS_CAPABILITY
2026-02-04T09:10:41.760581Z  INFO run_lifecycler:run_service_and_step_through_lifecycle:step_through_lifecycle:start_capabilities:start{name="HOSTTOOLS_CAPABILITY"}: lifecycler::capability_client: close time.busy=500µs time.idle=519µs
2026-02-04T09:10:41.760851Z  INFO run_lifecycler:run_service_and_step_through_lifecycle:step_through_lifecycle:start_capabilities:start{name="METRICS_CAPABILITY"}: lifecycler::capability_client: Received success code for start cap_name=METRICS_CAPABILITY
2026-02-04T09:10:41.760876Z  INFO run_lifecycler:run_service_and_step_through_lifecycle:step_through_lifecycle:start_capabilities:start{name="METRICS_CAPABILITY"}: lifecycler::capability_client: close time.busy=55.3µs time.idle=1.24ms
2026-02-04T09:10:41.799795Z  INFO run_lifecycler:run_service_and_step_through_lifecycle:step_through_lifecycle:start_capabilities:start{name="CS_CAPABILITY"}: lifecycler::capability_client: Received success code for start cap_name=CS_CAPABILITY
2026-02-04T09:10:41.799925Z  INFO run_lifecycler:run_service_and_step_through_lifecycle:step_through_lifecycle:start_capabilities:start{name="CS_CAPABILITY"}: lifecycler::capability_client: close time.busy=203µs time.idle=40.2ms
2026-02-04T09:10:41.986410Z  INFO run_lifecycler:run_service_and_step_through_lifecycle:step_through_lifecycle:start_capabilities:start{name="SNAPSHOT_CAPABILITY"}: lifecycler::capability_client: Received success code for start cap_name=SNAPSHOT_CAPABILITY
2026-02-04T09:10:41.986463Z  INFO run_lifecycler:run_service_and_step_through_lifecycle:step_through_lifecycle:start_capabilities:start{name="SNAPSHOT_CAPABILITY"}: lifecycler::capability_client: close time.busy=125µs time.idle=227ms
2026-02-04T09:10:43.111574Z  INFO run_lifecycler:run_service_and_step_through_lifecycle:step_through_lifecycle:start_capabilities:start{name="DATA_CAPABILITY"}: lifecycler::capability_client: Received success code for start cap_name=DATA_CAPABILITY
2026-02-04T09:10:43.111636Z  INFO run_lifecycler:run_service_and_step_through_lifecycle:step_through_lifecycle:start_capabilities:start{name="DATA_CAPABILITY"}: lifecycler::capability_client: close time.busy=131µs time.idle=1.35s
2026-02-04T09:10:43.111666Z  INFO run_lifecycler:run_service_and_step_through_lifecycle:step_through_lifecycle:start_capabilities: lifecycler::lifecycle: close time.busy=1.35ms time.idle=1.35s
2026-02-04T09:10:43.111687Z  INFO run_lifecycler:run_service_and_step_through_lifecycle:step_through_lifecycle:exit_capabilities{cap_type=Operation job_result=JobResult { job_status: Succeeded, error: None }}: lifecycler::lifecycle: close time.busy=2.40µs time.idle=7.26µs
2026-02-04T09:10:43.111698Z  INFO run_lifecycler:run_service_and_step_through_lifecycle:step_through_lifecycle: lifecycler::lifecycle: exited operation caps: true
2026-02-04T09:10:43.111826Z  INFO run_lifecycler:run_service_and_step_through_lifecycle:step_through_lifecycle:connect_executor:connect:connect: grpc_utils::endpoint::connect: Connecting to gRPC service endpoint=Uds("/mnt/azureml/cr/j/fd35208323f444e8885b18beb5778dd2/.grpc/executor:0") retry=FixedIntervalRetry { attempt_timeout_millis: 50, retry_delay_millis: 10, max_duration: 7200s }
2026-02-04T09:10:43.112051Z  INFO run_lifecycler:run_service_and_step_through_lifecycle:step_through_lifecycle:connect_executor:connect:connect: grpc_utils::endpoint::connect: Successfully connected to gRPC service endpoint=Uds("/mnt/azureml/cr/j/fd35208323f444e8885b18beb5778dd2/.grpc/executor:0")
2026-02-04T09:10:43.112079Z  INFO run_lifecycler:run_service_and_step_through_lifecycle:step_through_lifecycle:connect_executor:connect:connect: grpc_utils::endpoint::connect: close time.busy=188µs time.idle=65.6µs
2026-02-04T09:10:43.112086Z  INFO run_lifecycler:run_service_and_step_through_lifecycle:step_through_lifecycle:connect_executor:connect: lifecycler::executor_client: close time.busy=293µs time.idle=64.4µs
2026-02-04T09:10:43.112143Z  INFO run_lifecycler:run_service_and_step_through_lifecycle:step_through_lifecycle:connect_executor:connect:connect: grpc_utils::endpoint::connect: Connecting to gRPC service endpoint=Uds("/mnt/azureml/cr/j/fd35208323f444e8885b18beb5778dd2/.grpc/executor:0") retry=FixedIntervalRetry { attempt_timeout_millis: 50, retry_delay_millis: 10, max_duration: 7200s }
2026-02-04T09:10:43.112290Z  INFO run_lifecycler:run_service_and_step_through_lifecycle:step_through_lifecycle:connect_executor:connect:connect: grpc_utils::endpoint::connect: Successfully connected to gRPC service endpoint=Uds("/mnt/azureml/cr/j/fd35208323f444e8885b18beb5778dd2/.grpc/executor:0")
2026-02-04T09:10:43.112318Z  INFO run_lifecycler:run_service_and_step_through_lifecycle:step_through_lifecycle:connect_executor:connect:connect: grpc_utils::endpoint::connect: close time.busy=121µs time.idle=55.7µs
2026-02-04T09:10:43.112325Z  INFO run_lifecycler:run_service_and_step_through_lifecycle:step_through_lifecycle:connect_executor:connect: lifecycler::executor_client: close time.busy=180µs time.idle=54.9µs
2026-02-04T09:10:43.112378Z  INFO run_lifecycler:run_service_and_step_through_lifecycle:step_through_lifecycle:connect_executor:connect: grpc_utils::endpoint::connect: Connecting to gRPC service endpoint=Uds("/mnt/azureml/cr/j/fd35208323f444e8885b18beb5778dd2/.grpc/executor:0") retry=FixedIntervalRetry { attempt_timeout_millis: 50, retry_delay_millis: 10, max_duration: 7200s }
2026-02-04T09:10:43.112552Z  INFO run_lifecycler:run_service_and_step_through_lifecycle:step_through_lifecycle:connect_executor:connect: grpc_utils::endpoint::connect: Successfully connected to gRPC service endpoint=Uds("/mnt/azureml/cr/j/fd35208323f444e8885b18beb5778dd2/.grpc/executor:0")
2026-02-04T09:10:43.112583Z  INFO run_lifecycler:run_service_and_step_through_lifecycle:step_through_lifecycle:connect_executor:connect: grpc_utils::endpoint::connect: close time.busy=128µs time.idle=78.9µs
2026-02-04T09:10:43.112602Z  INFO run_lifecycler:run_service_and_step_through_lifecycle:step_through_lifecycle:connect_executor:wait_for_service_healthy: lifecycler::health_monitor: Waiting for service to become healthy: Executor service_name=Executor timeout=30s
2026-02-04T09:10:43.112626Z  WARN run_lifecycler:run_service_and_step_through_lifecycle:step_through_lifecycle:connect_executor:wait_for_service_healthy: grpc_utils::span: failed to inject span context to grpc request
2026-02-04T09:10:43.113001Z  INFO run_lifecycler:run_service_and_step_through_lifecycle:step_through_lifecycle:connect_executor:wait_for_service_healthy: lifecycler::health_client: Health status for service: Executor service_name=Executor health_status=1
2026-02-04T09:10:43.113034Z  INFO run_lifecycler:run_service_and_step_through_lifecycle:step_through_lifecycle:connect_executor:wait_for_service_healthy: lifecycler::health_monitor: Service has become healthy service_name=Executor
2026-02-04T09:10:43.113047Z  INFO run_lifecycler:run_service_and_step_through_lifecycle:step_through_lifecycle:connect_executor:wait_for_service_healthy: lifecycler::health_monitor: close time.busy=137µs time.idle=311µs
2026-02-04T09:10:43.113059Z  INFO run_lifecycler:run_service_and_step_through_lifecycle:step_through_lifecycle:connect_executor: lifecycler::lifecycle: close time.busy=830µs time.idle=513µs
2026-02-04T09:10:43.113069Z  INFO run_lifecycler:run_service_and_step_through_lifecycle:step_through_lifecycle:connect_lifecyclers{lifecycler_addresses=None}: lifecycler::lifecycle: close time.busy=721ns time.idle=2.87µs
2026-02-04T09:10:43.113112Z  INFO run_lifecycler:run_service_and_step_through_lifecycle:step_through_lifecycle:execute: lifecycler::lifecycle: entering phase rank=None phase=0 is_leader=true entered_phases=false
2026-02-04T09:10:43.113138Z  INFO run_lifecycler:run_service_and_step_through_lifecycle:step_through_lifecycle:execute:barrier_sync: lifecycler::lifecycle: close time.busy=461ns time.idle=1.41µs
2026-02-04T09:10:43.113193Z  INFO run_lifecycler:run_service_and_step_through_lifecycle:step_through_lifecycle:execute: lifecycler::lifecycle: Successfully got AzureML Context from environment, updating Run History with new run attempt
2026-02-04T09:10:43.113228Z  WARN run_lifecycler:run_service_and_step_through_lifecycle:step_through_lifecycle:execute: lifecycler::lifecycle: Skip updating run_attempt since cannot find AZUREML_CR_ENABLE_RUN_ATTEMPT_COUNT_BY_RUN_HISTORY from environment
2026-02-04T09:10:43.113252Z  INFO run_lifecycler:run_service_and_step_through_lifecycle:step_through_lifecycle:execute: lifecycler::lifecycle: starting phase execution rank=None phase=0
2026-02-04T09:10:43.113265Z  INFO run_lifecycler:run_service_and_step_through_lifecycle:step_through_lifecycle:execute: lifecycler::lifecycle: executing phase commands rank=None phase=0
2026-02-04T09:10:43.113282Z  INFO run_lifecycler:run_service_and_step_through_lifecycle:step_through_lifecycle:execute:executor_client::execute_commands{lifecycle_address="/mnt/azureml/cr/j/fd35208323f444e8885b18beb5778dd2/.grpc/lifecycler:0" scheduling=None debug_mode=Some(false)}: lifecycler::executor_client: Executing commands
2026-02-04T09:10:43.113321Z  WARN run_lifecycler:run_service_and_step_through_lifecycle:step_through_lifecycle:execute:executor_client::execute_commands{lifecycle_address="/mnt/azureml/cr/j/fd35208323f444e8885b18beb5778dd2/.grpc/lifecycler:0" scheduling=None debug_mode=Some(false)}:executor_client::start_execution{lifecycler_address="/mnt/azureml/cr/j/fd35208323f444e8885b18beb5778dd2/.grpc/lifecycler:0" debug_mode=Some(false) commands_f=Command(Command { executable: Shell { path: None, command: "python index.py \\\n --output_dir $outputs", success_return_code: Zero { additional_codes: [] } }, stderr: None, stdout: Some("user_logs/std_log.txt") }) path_mappings_f={}}: grpc_utils::span: failed to inject span context to grpc request
2026-02-04T09:10:43.113347Z  INFO run_lifecycler:run_service_and_step_through_lifecycle:step_through_lifecycle:execute:executor_client::execute_commands{lifecycle_address="/mnt/azureml/cr/j/fd35208323f444e8885b18beb5778dd2/.grpc/lifecycler:0" scheduling=None debug_mode=Some(false)}:executor_client::start_execution{lifecycler_address="/mnt/azureml/cr/j/fd35208323f444e8885b18beb5778dd2/.grpc/lifecycler:0" debug_mode=Some(false) commands_f=Command(Command { executable: Shell { path: None, command: "python index.py \\\n --output_dir $outputs", success_return_code: Zero { additional_codes: [] } }, stderr: None, stdout: Some("user_logs/std_log.txt") }) path_mappings_f={}}: lifecycler::executor_client: Starting execution execution_id=43a63972-16e4-4c69-bce8-0d64ccb7509d lifecycler_address=/mnt/azureml/cr/j/fd35208323f444e8885b18beb5778dd2/.grpc/lifecycler:0
2026-02-04T09:10:43.117738Z  INFO run_lifecycler:run_service_and_step_through_lifecycle:step_through_lifecycle:execute:executor_client::execute_commands{lifecycle_address="/mnt/azureml/cr/j/fd35208323f444e8885b18beb5778dd2/.grpc/lifecycler:0" scheduling=None debug_mode=Some(false)}:executor_client::start_execution{lifecycler_address="/mnt/azureml/cr/j/fd35208323f444e8885b18beb5778dd2/.grpc/lifecycler:0" debug_mode=Some(false) commands_f=Command(Command { executable: Shell { path: None, command: "python index.py \\\n --output_dir $outputs", success_return_code: Zero { additional_codes: [] } }, stderr: None, stdout: Some("user_logs/std_log.txt") }) path_mappings_f={}}: lifecycler::executor_client: close time.busy=179µs time.idle=4.26ms
2026-02-04T09:10:43.117760Z  INFO run_lifecycler:run_service_and_step_through_lifecycle:step_through_lifecycle:execute:executor_client::execute_commands{lifecycle_address="/mnt/azureml/cr/j/fd35208323f444e8885b18beb5778dd2/.grpc/lifecycler:0" scheduling=None debug_mode=Some(false)}: lifecycler::executor_client: Waiting for execution completion execution_id="43a63972-16e4-4c69-bce8-0d64ccb7509d"
2026-02-04T09:11:07.997195Z  INFO ExecutionCallbackServicer::complete_execution: grpc_utils::server: Got grpc request request_name="complete_execution" remote_addr=None
2026-02-04T09:11:07.997256Z  INFO ExecutionCallbackServicer::complete_execution: lifecycler::service: close time.busy=65.6µs time.idle=12.3µs
2026-02-04T09:11:07.997313Z  INFO run_lifecycler:run_service_and_step_through_lifecycle:step_through_lifecycle:execute:executor_client::execute_commands{lifecycle_address="/mnt/azureml/cr/j/fd35208323f444e8885b18beb5778dd2/.grpc/lifecycler:0" scheduling=None debug_mode=Some(false)}:executor_client::wait_for_execution_completion{execution_id="43a63972-16e4-4c69-bce8-0d64ccb7509d"}: lifecycler::executor_client: close time.busy=4.22µs time.idle=24.9s
2026-02-04T09:11:07.997373Z  INFO run_lifecycler:run_service_and_step_through_lifecycle:step_through_lifecycle:execute:executor_client::execute_commands{lifecycle_address="/mnt/azureml/cr/j/fd35208323f444e8885b18beb5778dd2/.grpc/lifecycler:0" scheduling=None debug_mode=Some(false)}: lifecycler::executor_client: Execution completed execution_id="43a63972-16e4-4c69-bce8-0d64ccb7509d"
2026-02-04T09:11:07.997538Z  INFO run_lifecycler:run_service_and_step_through_lifecycle:step_through_lifecycle:execute:executor_client::execute_commands{lifecycle_address="/mnt/azureml/cr/j/fd35208323f444e8885b18beb5778dd2/.grpc/lifecycler:0" scheduling=None debug_mode=Some(false)}: lifecycler::executor_client: close time.busy=477µs time.idle=24.9s
2026-02-04T09:11:07.997558Z ERROR run_lifecycler:run_service_and_step_through_lifecycle:step_through_lifecycle:execute: lifecycler::lifecycle: failed to execute commands exception=ExecutionFailed(ExecutionsFailures([ExecutionFailure { exit_code: 1, error_message: "Execution failed. User process 'python' exited with status code 1. Please check log file 'user_logs/std_log.txt' for error details. Error:     mlflow.log_artifact(f\"{OUTPUT_DIR}/result.jpg\")\n  File \"/app/.venv/lib/python3.11/site-packages/mlflow/tracking/fluent.py\", line 1533, in log_artifact\n    MlflowClient().log_artifact(run_id, local_path, artifact_path)\n  File \"/app/.venv/lib/python3.11/site-packages/mlflow/tracking/client.py\", line 2652, in log_artifact\n    self._tracking_client.log_artifact(run_id, local_path, artifact_path)\n  File \"/app/.venv/lib/python3.11/site-packages/mlflow/tracking/_tracking_service/client.py\", line 667, in log_artifact\n    artifact_repo = self._get_artifact_repo(run_id)\n                    ^^^^^^^^^^^^^^^^^^^^^^^^^^^^^^^\n  File \"/app/.venv/lib/python3.11/site-packages/mlflow/tracking/_tracking_service/client.py\", line 650, in _get_artifact_repo\n    artifact_repo = get_artifact_repository(artifact_uri, tracking_uri=self.tracking_uri)\n                    ^^^^^^^^^^^^^^^^^^^^^^^^^^^^^^^^^^^^^^^^^^^^^^^^^^^^^^^^^^^^^^^^^^^^^\n  File \"/app/.venv/lib/python3.11/site-packages/mlflow/store/artifact/artifact_repository_registry.py\", line 147, in get_artifact_repository\n    return _artifact_repository_registry.get_artifact_repository(\n           ^^^^^^^^^^^^^^^^^^^^^^^^^^^^^^^^^^^^^^^^^^^^^^^^^^^^^^\n  File \"/app/.venv/lib/python3.11/site-packages/mlflow/store/artifact/artifact_repository_registry.py\", line 83, in get_artifact_repository\n    return repository(artifact_uri, tracking_uri=tracking_uri, registry_uri=registry_uri)\n           ^^^^^^^^^^^^^^^^^^^^^^^^^^^^^^^^^^^^^^^^^^^^^^^^^^^^^^^^^^^^^^^^^^^^^^^^^^^^^^\nTypeError: azureml_artifacts_builder() got an unexpected keyword argument 'tracking_uri'\n🏃 View run Test Github at: https://koreacentral.api.azureml.ms/mlflow/v2.0/subscriptions/b850d62a-25fe-4d3a-9697-ea40449528a9/resourceGroups/8ai-final-team6/providers/Microsoft.MachineLearningServices/workspaces/vision/#/experiments/331a92de-97b1-4480-b3f5-b7af3eacf3df/runs/salmon_pocket_3x3ts745cp\n🧪 View experiment at: https://koreacentral.api.azureml.ms/mlflow/v2.0/subscriptions/b850d62a-25fe-4d3a-9697-ea40449528a9/resourceGroups/8ai-final-team6/providers/Microsoft.MachineLearningServices/workspaces/vision/#/experiments/331a92de-97b1-4480-b3f5-b7af3eacf3df\n", process_name: "python", error_file: "user_logs/std_log.txt" }])) rank=None phase=0
2026-02-04T09:11:07.997606Z  INFO run_lifecycler:run_service_and_step_through_lifecycle:step_through_lifecycle:execute: lifecycler::lifecycle: close time.busy=738µs time.idle=24.9s
2026-02-04T09:11:07.997628Z  WARN run_lifecycler:run_service_and_step_through_lifecycle:step_through_lifecycle:end_service_capabilities:end{name="CS_CAPABILITY"}: grpc_utils::span: failed to inject span context to grpc request
2026-02-04T09:11:07.997657Z  WARN run_lifecycler:run_service_and_step_through_lifecycle:step_through_lifecycle:end_service_capabilities:end{name="DATA_CAPABILITY"}: grpc_utils::span: failed to inject span context to grpc request
2026-02-04T09:11:07.997672Z  WARN run_lifecycler:run_service_and_step_through_lifecycle:step_through_lifecycle:end_service_capabilities:end{name="HOSTTOOLS_CAPABILITY"}: grpc_utils::span: failed to inject span context to grpc request
2026-02-04T09:11:07.997686Z  WARN run_lifecycler:run_service_and_step_through_lifecycle:step_through_lifecycle:end_service_capabilities:end{name="METRICS_CAPABILITY"}: grpc_utils::span: failed to inject span context to grpc request
2026-02-04T09:11:07.997700Z  WARN run_lifecycler:run_service_and_step_through_lifecycle:step_through_lifecycle:end_service_capabilities:end{name="SNAPSHOT_CAPABILITY"}: grpc_utils::span: failed to inject span context to grpc request
2026-02-04T09:11:07.998446Z  INFO run_lifecycler:run_service_and_step_through_lifecycle:step_through_lifecycle:end_service_capabilities:end{name="METRICS_CAPABILITY"}: lifecycler::capability_client: Received success code for end cap_name=METRICS_CAPABILITY
2026-02-04T09:11:07.998472Z  INFO run_lifecycler:run_service_and_step_through_lifecycle:step_through_lifecycle:end_service_capabilities:end{name="METRICS_CAPABILITY"}: lifecycler::capability_client: close time.busy=66.6µs time.idle=722µs
2026-02-04T09:11:08.000831Z  INFO run_lifecycler:run_service_and_step_through_lifecycle:step_through_lifecycle:end_service_capabilities:end{name="SNAPSHOT_CAPABILITY"}: lifecycler::capability_client: Received success code for end cap_name=SNAPSHOT_CAPABILITY
2026-02-04T09:11:08.000902Z  INFO run_lifecycler:run_service_and_step_through_lifecycle:step_through_lifecycle:end_service_capabilities:end{name="SNAPSHOT_CAPABILITY"}: lifecycler::capability_client: close time.busy=132µs time.idle=3.07ms
